[debug] [2018-08-24T18:13:52.764Z] ----------------------------------------------------------------------
[debug] [2018-08-24T18:13:52.766Z] Command:       /usr/local/Cellar/node/9.8.0/bin/node /usr/local/bin/firebase deploy
[debug] [2018-08-24T18:13:52.766Z] CLI Version:   3.18.6
[debug] [2018-08-24T18:13:52.766Z] Platform:      darwin
[debug] [2018-08-24T18:13:52.766Z] Node Version:  v9.8.0
[debug] [2018-08-24T18:13:52.767Z] Time:          Fri Aug 24 2018 12:13:52 GMT-0600 (MDT)
[debug] [2018-08-24T18:13:52.767Z] ----------------------------------------------------------------------
[debug] 
[debug] [2018-08-24T18:13:52.782Z] > command requires scopes: ["email","openid","https://www.googleapis.com/auth/cloudplatformprojects.readonly","https://www.googleapis.com/auth/firebase","https://www.googleapis.com/auth/cloud-platform"]
[debug] [2018-08-24T18:13:52.782Z] > authorizing via signed-in user
[debug] [2018-08-24T18:13:52.784Z] > refreshing access token with scopes: ["email","https://www.googleapis.com/auth/cloud-platform","https://www.googleapis.com/auth/cloudplatformprojects.readonly","https://www.googleapis.com/auth/firebase","openid"]
[debug] [2018-08-24T18:13:52.784Z] >>> HTTP REQUEST POST https://www.googleapis.com/oauth2/v3/token  
 { refresh_token: '1/ckha9ZyDYg4RZF3XBg1090kBvj2z3grSFOuW3rxd1fw',
  client_id: '563584335869-fgrhgmd47bqnekij5i8b5pr03ho849e6.apps.googleusercontent.com',
  client_secret: 'j9iVZfS8kkCEFUPaAeJV0sAi',
  grant_type: 'refresh_token',
  scope: 'email https://www.googleapis.com/auth/cloud-platform https://www.googleapis.com/auth/cloudplatformprojects.readonly https://www.googleapis.com/auth/firebase openid' } 
 Fri Aug 24 2018 12:13:52 GMT-0600 (MDT)
[debug] [2018-08-24T18:13:52.975Z] <<< HTTP RESPONSE 200
[debug] [2018-08-24T18:13:52.980Z] >>> HTTP REQUEST GET https://admin.firebase.com/v1/projects/saveaway-401k  
  
 Fri Aug 24 2018 12:13:52 GMT-0600 (MDT)
[debug] [2018-08-24T18:13:53.390Z] <<< HTTP RESPONSE 200
[debug] [2018-08-24T18:13:53.391Z] >>> HTTP REQUEST GET https://admin.firebase.com/v1/database/saveaway-401k/tokens  
  
 Fri Aug 24 2018 12:13:53 GMT-0600 (MDT)
[debug] [2018-08-24T18:13:53.857Z] <<< HTTP RESPONSE 200
[info] 
[info] === Deploying to 'saveaway-401k'...
[info] 
[info] i  deploying hosting
[info] i  hosting: preparing public/build directory for upload...
[debug] [2018-08-24T18:13:59.594Z] >>> HTTP REQUEST PUT https://deploy.firebase.com/v1/hosting/saveaway-401k/uploads/-LKh87Aewrej8Dxf52dY?fileCount=174&message=  
  
 Fri Aug 24 2018 12:13:59 GMT-0600 (MDT)
